<?xml version="1.0" encoding="UTF-8"?>
<coverage generated="1689044173636" clover="3.2.0">
  <project timestamp="1689044173636" name="All files">
    <metrics statements="8" coveredstatements="8" conditionals="0" coveredconditionals="0" methods="2" coveredmethods="2" elements="10" coveredelements="10" complexity="0" loc="8" ncloc="8" packages="1" files="1" classes="1"/>
    <file name="index.ts" path="/Users/joseane/Desktop/teste/index.ts">
      <metrics statements="8" coveredstatements="8" conditionals="0" coveredconditionals="0" methods="2" coveredmethods="2"/>
      <line num="2" count="3" type="stmt"/>
      <line num="3" count="3" type="stmt"/>
      <line num="5" count="3" type="stmt"/>
      <line num="6" count="2" type="stmt"/>
      <line num="7" count="2" type="stmt"/>
      <line num="10" count="3" type="stmt"/>
      <line num="11" count="3" type="stmt"/>
      <line num="13" count="3" type="stmt"/>
    </file>
  </project>
</coverage>
