{"/Users/joseane/Desktop/teste/index.ts": {"path":"/Users/joseane/Desktop/teste/index.ts","statementMap":{"0":{"start":{"line":2,"column":22},"end":{"line":2,"column":25}},"1":{"start":{"line":3,"column":29},"end":{"line":3,"column":31}},"2":{"start":{"line":5,"column":4},"end":{"line":8,"column":5}},"3":{"start":{"line":5,"column":17},"end":{"line":5,"column":18}},"4":{"start":{"line":6,"column":22},"end":{"line":6,"column":54}},"5":{"start":{"line":7,"column":8},"end":{"line":7,"column":27}},"6":{"start":{"line":10,"column":23},"end":{"line":10,"column":36}},"7":{"start":{"line":11,"column":27},"end":{"line":11,"column":96}},"8":{"start":{"line":11,"column":56},"end":{"line":11,"column":95}},"9":{"start":{"line":13,"column":4},"end":{"line":13,"column":26}}},"fnMap":{"0":{"name":"textToTweetStorm","decl":{"start":{"line":1,"column":16},"end":{"line":1,"column":32}},"loc":{"start":{"line":1,"column":57},"end":{"line":14,"column":1}},"line":1},"1":{"name":"(anonymous_1)","decl":{"start":{"line":11,"column":38},"end":{"line":11,"column":39}},"loc":{"start":{"line":11,"column":56},"end":{"line":11,"column":95}},"line":11}},"branchMap":{},"s":{"0":3,"1":3,"2":3,"3":3,"4":2,"5":2,"6":3,"7":3,"8":2,"9":3},"f":{"0":3,"1":2},"b":{},"_coverageSchema":"1a1c01bbd47fc00a2c39e90264f33305004495a9","hash":"132eac15f81136a6f22167f3b31b412cdd8c106f"}
}
