{"/Users/joseane/Desktop/teste/index.ts": {"path":"/Users/joseane/Desktop/teste/index.ts","statementMap":{"0":{"start":{"line":2,"column":22},"end":{"line":2,"column":29}},"1":{"start":{"line":3,"column":29},"end":{"line":3,"column":31}},"2":{"start":{"line":5,"column":4},"end":{"line":11,"column":5}},"3":{"start":{"line":6,"column":22},"end":{"line":6,"column":50}},"4":{"start":{"line":7,"column":8},"end":{"line":7,"column":41}},"5":{"start":{"line":9,"column":27},"end":{"line":9,"column":91}},"6":{"start":{"line":10,"column":8},"end":{"line":10,"column":46}},"7":{"start":{"line":13,"column":4},"end":{"line":17,"column":5}},"8":{"start":{"line":14,"column":27},"end":{"line":14,"column":70}},"9":{"start":{"line":15,"column":36},"end":{"line":15,"column":59}},"10":{"start":{"line":16,"column":8},"end":{"line":16,"column":41}},"11":{"start":{"line":19,"column":4},"end":{"line":19,"column":18}}},"fnMap":{"0":{"name":"createTweetStorm","decl":{"start":{"line":1,"column":16},"end":{"line":1,"column":32}},"loc":{"start":{"line":1,"column":57},"end":{"line":20,"column":1}},"line":1}},"branchMap":{"0":{"loc":{"start":{"line":13,"column":4},"end":{"line":17,"column":5}},"type":"if","locations":[{"start":{"line":13,"column":4},"end":{"line":17,"column":5}},{"start":{},"end":{}}],"line":13}},"s":{"0":5,"1":5,"2":5,"3":0,"4":0,"5":0,"6":0,"7":5,"8":4,"9":4,"10":4,"11":5},"f":{"0":5},"b":{"0":[4,1]},"_coverageSchema":"1a1c01bbd47fc00a2c39e90264f33305004495a9","hash":"888cdb9477fdf5fe206f7991d2892e2d8da7cec0"}
}
